c:\users\ry_endo\source\repos\vendingmachine2024\vendingmachine2024\x64\debug\vc143.pdb
c:\users\ry_endo\source\repos\vendingmachine2024\vendingmachine2024\x64\debug\vc143.idb
c:\users\ry_endo\source\repos\vendingmachine2024\vendingmachine2024\x64\debug\externalcontrol.nativecodeanalysis.sarif
c:\users\ry_endo\source\repos\vendingmachine2024\vendingmachine2024\x64\debug\externalcontrol.nativecodeanalysis.xml
c:\users\ry_endo\source\repos\vendingmachine2024\vendingmachine2024\x64\debug\maincontrol.nativecodeanalysis.sarif
c:\users\ry_endo\source\repos\vendingmachine2024\vendingmachine2024\x64\debug\maincontrol.nativecodeanalysis.xml
c:\users\ry_endo\source\repos\vendingmachine2024\vendingmachine2024\x64\debug\datamng.nativecodeanalysis.sarif
c:\users\ry_endo\source\repos\vendingmachine2024\vendingmachine2024\x64\debug\datamng.nativecodeanalysis.xml
c:\users\ry_endo\source\repos\vendingmachine2024\vendingmachine2024\x64\debug\filesystem.nativecodeanalysis.sarif
c:\users\ry_endo\source\repos\vendingmachine2024\vendingmachine2024\x64\debug\filesystem.nativecodeanalysis.xml
c:\users\ry_endo\source\repos\vendingmachine2024\vendingmachine2024\x64\debug\segmentmng.nativecodeanalysis.sarif
c:\users\ry_endo\source\repos\vendingmachine2024\vendingmachine2024\x64\debug\segmentmng.nativecodeanalysis.xml
c:\users\ry_endo\source\repos\vendingmachine2024\vendingmachine2024\x64\debug\main.nativecodeanalysis.sarif
c:\users\ry_endo\source\repos\vendingmachine2024\vendingmachine2024\x64\debug\main.nativecodeanalysis.xml
c:\users\ry_endo\source\repos\vendingmachine2024\vendingmachine2024\x64\debug\utility.nativecodeanalysis.sarif
c:\users\ry_endo\source\repos\vendingmachine2024\vendingmachine2024\x64\debug\utility.nativecodeanalysis.xml
c:\users\ry_endo\source\repos\vendingmachine2024\vendingmachine2024\x64\debug\vendingmachine.nativecodeanalysis.sarif
c:\users\ry_endo\source\repos\vendingmachine2024\vendingmachine2024\x64\debug\vendingmachine.nativecodeanalysis.xml
c:\users\ry_endo\source\repos\vendingmachine2024\vendingmachine2024\x64\debug\vendingmachine.obj
c:\users\ry_endo\source\repos\vendingmachine2024\vendingmachine2024\x64\debug\utility.obj
c:\users\ry_endo\source\repos\vendingmachine2024\vendingmachine2024\x64\debug\main.obj
c:\users\ry_endo\source\repos\vendingmachine2024\vendingmachine2024\x64\debug\segmentmng.obj
c:\users\ry_endo\source\repos\vendingmachine2024\vendingmachine2024\x64\debug\filesystem.obj
c:\users\ry_endo\source\repos\vendingmachine2024\vendingmachine2024\x64\debug\datamng.obj
c:\users\ry_endo\source\repos\vendingmachine2024\vendingmachine2024\x64\debug\maincontrol.obj
c:\users\ry_endo\source\repos\vendingmachine2024\vendingmachine2024\x64\debug\externalcontrol.obj
c:\users\ry_endo\source\repos\vendingmachine2024\vendingmachine2024\x64\debug\stockmng.obj
c:\users\ry_endo\source\repos\vendingmachine2024\vendingmachine2024\x64\debug\stock.obj
c:\users\ry_endo\source\repos\vendingmachine2024\vendingmachine2024\x64\debug\moneystock.obj
c:\users\ry_endo\source\repos\vendingmachine2024\vendingmachine2024\x64\debug\goodsmng.obj
c:\users\ry_endo\source\repos\vendingmachine2024\vendingmachine2024\x64\debug\drinkstock.obj
c:\users\ry_endo\source\repos\vendingmachine2024\vendingmachine2024\x64\debug\statecontrol.obj
c:\users\ry_endo\source\repos\vendingmachine2024\vendingmachine2024\x64\debug\internalcontrol.obj
c:\users\ry_endo\source\repos\vendingmachine2024\vendingmachine2024\x64\debug\userinterface.obj
c:\users\ry_endo\source\repos\vendingmachine2024\x64\debug\vendingmachine2024.exe
c:\users\ry_endo\source\repos\vendingmachine2024\vendingmachine2024\x64\debug\vendingmachine2024.ilk
c:\users\ry_endo\source\repos\vendingmachine2024\x64\debug\vendingmachine2024.pdb
c:\users\ry_endo\source\repos\vendingmachine2024\vendingmachine2024\x64\debug\vc.nativecodeanalysis.all.xml
c:\users\ry_endo\source\repos\vendingmachine2024\vendingmachine2024\x64\debug\vendingm.ddb63bfc.tlog\cl.command.1.tlog
c:\users\ry_endo\source\repos\vendingmachine2024\vendingmachine2024\x64\debug\vendingm.ddb63bfc.tlog\cl.items.tlog
c:\users\ry_endo\source\repos\vendingmachine2024\vendingmachine2024\x64\debug\vendingm.ddb63bfc.tlog\cl.read.1.tlog
c:\users\ry_endo\source\repos\vendingmachine2024\vendingmachine2024\x64\debug\vendingm.ddb63bfc.tlog\cl.write.1.tlog
c:\users\ry_endo\source\repos\vendingmachine2024\vendingmachine2024\x64\debug\vendingm.ddb63bfc.tlog\link-cvtres.read.1.tlog
c:\users\ry_endo\source\repos\vendingmachine2024\vendingmachine2024\x64\debug\vendingm.ddb63bfc.tlog\link-cvtres.write.1.tlog
c:\users\ry_endo\source\repos\vendingmachine2024\vendingmachine2024\x64\debug\vendingm.ddb63bfc.tlog\link-rc.read.1.tlog
c:\users\ry_endo\source\repos\vendingmachine2024\vendingmachine2024\x64\debug\vendingm.ddb63bfc.tlog\link-rc.write.1.tlog
c:\users\ry_endo\source\repos\vendingmachine2024\vendingmachine2024\x64\debug\vendingm.ddb63bfc.tlog\link.1956-cvtres.read.1.tlog
c:\users\ry_endo\source\repos\vendingmachine2024\vendingmachine2024\x64\debug\vendingm.ddb63bfc.tlog\link.1956-cvtres.write.1.tlog
c:\users\ry_endo\source\repos\vendingmachine2024\vendingmachine2024\x64\debug\vendingm.ddb63bfc.tlog\link.1956-rc.read.1.tlog
c:\users\ry_endo\source\repos\vendingmachine2024\vendingmachine2024\x64\debug\vendingm.ddb63bfc.tlog\link.1956-rc.write.1.tlog
c:\users\ry_endo\source\repos\vendingmachine2024\vendingmachine2024\x64\debug\vendingm.ddb63bfc.tlog\link.1956.read.1.tlog
c:\users\ry_endo\source\repos\vendingmachine2024\vendingmachine2024\x64\debug\vendingm.ddb63bfc.tlog\link.1956.read.2.tlog
c:\users\ry_endo\source\repos\vendingmachine2024\vendingmachine2024\x64\debug\vendingm.ddb63bfc.tlog\link.1956.read.3.tlog
c:\users\ry_endo\source\repos\vendingmachine2024\vendingmachine2024\x64\debug\vendingm.ddb63bfc.tlog\link.1956.read.4.tlog
c:\users\ry_endo\source\repos\vendingmachine2024\vendingmachine2024\x64\debug\vendingm.ddb63bfc.tlog\link.1956.write.1.tlog
c:\users\ry_endo\source\repos\vendingmachine2024\vendingmachine2024\x64\debug\vendingm.ddb63bfc.tlog\link.command.1.tlog
c:\users\ry_endo\source\repos\vendingmachine2024\vendingmachine2024\x64\debug\vendingm.ddb63bfc.tlog\link.read.1.tlog
c:\users\ry_endo\source\repos\vendingmachine2024\vendingmachine2024\x64\debug\vendingm.ddb63bfc.tlog\link.read.2.tlog
c:\users\ry_endo\source\repos\vendingmachine2024\vendingmachine2024\x64\debug\vendingm.ddb63bfc.tlog\link.read.3.tlog
c:\users\ry_endo\source\repos\vendingmachine2024\vendingmachine2024\x64\debug\vendingm.ddb63bfc.tlog\link.read.4.tlog
c:\users\ry_endo\source\repos\vendingmachine2024\vendingmachine2024\x64\debug\vendingm.ddb63bfc.tlog\link.write.1.tlog
